Log started: 8/21/2012 10:22:51 PM
Info: NeoAxis Engine log file.
Info: Operating System: Microsoft Windows 5.1.2600.196608 (32-bit)
Info: Runtime Framework: Net 4.0.30319.269
Info: Engine version: 1.21
Info: Engine SDK: Non-Commercial SDK
Info: Engine 32-bit version
Info: Application type: ResourceEditor
Info: PhysXPhysicsSystem: Software mode enabled.
Info: Physics system is initialized (Driver: NVIDIA PhysX 2.8.4)
Info: OGRE: Added resource location 'E:\NeoAxis Engine Non-Commercial SDK 1.21\Game\Bin\Data' of type 'VirtualFileSystem' to resource group 'General' with recursive option
Info: OGRE: Loading library RenderSystem_Direct3D9.dll
Info: OGRE: Installing plugin: D3D9 RenderSystem
Info: OGRE: D3D9 : Direct3D9 Rendering Subsystem created.
Info: OGRE: D3D9: Driver Detection Starts
Info: OGRE: D3D9: Driver Detection Ends
Info: OGRE: Plugin successfully installed
Info: OGRE: CPU Identifier & Features
Info: OGRE: -------------------------
Info: OGRE:  *   CPU ID: AuthenticAMD: AMD Phenom(tm) II X4 965 Processor
Info: OGRE:  *      SSE: yes
Info: OGRE:  *     SSE2: yes
Info: OGRE:  *     SSE3: yes
Info: OGRE:  *      MMX: yes
Info: OGRE:  *   MMXEXT: yes
Info: OGRE:  *    3DNOW: yes
Info: OGRE:  * 3DNOWEXT: yes
Info: OGRE:  *     CMOV: yes
Info: OGRE:  *      TSC: yes
Info: OGRE:  *      FPU: yes
Info: OGRE:  *      PRO: yes
Info: OGRE:  *       HT: no
Info: OGRE: -------------------------
Info: OGRE: D3D9 : Subsystem Initialising
Info: OGRE: Driver name: nv4_disp.dll
Info: OGRE: Driver description: NVIDIA GeForce GTS 250
Info: OGRE: ***************************************
Info: OGRE: *** D3D9 : Subsystem Initialised OK ***
Info: OGRE: ***************************************
Info: OGRE: D3D9RenderSystem::_createRenderWindow "MainWindow", 640x480 windowed  miscParams: colourDepth=32 externalWindowHandle=526234 vsync=false 
Info: OGRE: D3D9 : Created D3D9 Rendering Window 'MainWindow' : 10x10, 32bpp
Info: OGRE: D3D9 : WARNING - disabling VSync in windowed mode can cause timing issues at lower frame rates, turn VSync on if you observe this problem.
Info: OGRE: Registering ResourceManager for type Texture
Info: OGRE: Registering ResourceManager for type GpuProgram
Info: OGRE: D3D9: Vertex texture format supported - PF_FLOAT16_RGB PF_FLOAT16_RGBA PF_FLOAT32_RGB PF_FLOAT32_RGBA PF_FLOAT16_R PF_FLOAT32_R PF_FLOAT16_GR PF_FLOAT32_GR
Info: OGRE: RenderSystem capabilities
Info: OGRE: -------------------------
Info: OGRE: RenderSystem Name: Direct3D9 Rendering Subsystem
Info: OGRE: GPU Vendor: nvidia
Info: OGRE: Device Name: NVIDIA GeForce GTS 250
Info: OGRE: Driver Version: 6.14.12.9573
Info: OGRE:  * Fixed function pipeline: yes
Info: OGRE:  * Hardware generation of mipmaps: yes
Info: OGRE:  * Texture blending: yes
Info: OGRE:  * Anisotropic texture filtering: yes
Info: OGRE:  * Dot product texture operation: yes
Info: OGRE:  * Cube mapping: yes
Info: OGRE:  * Hardware stencil buffer: yes
Info: OGRE:    - Stencil depth: 8
Info: OGRE:    - Two sided stencil support: yes
Info: OGRE:    - Wrap stencil values: yes
Info: OGRE:  * Hardware vertex / index buffers: yes
Info: OGRE:  * Vertex programs: yes
Info: OGRE:  * Number of floating-point constants for vertex programs: 256
Info: OGRE:  * Number of integer constants for vertex programs: 16
Info: OGRE:  * Number of boolean constants for vertex programs: 16
Info: OGRE:  * Fragment programs: yes
Info: OGRE:  * Number of floating-point constants for fragment programs: 224
Info: OGRE:  * Number of integer constants for fragment programs: 16
Info: OGRE:  * Number of boolean constants for fragment programs: 16
Info: OGRE:  * Geometry programs: no
Info: OGRE:  * Number of floating-point constants for geometry programs: 0
Info: OGRE:  * Number of integer constants for geometry programs: 0
Info: OGRE:  * Number of boolean constants for geometry programs: 0
Info: OGRE:  * Supported Shader Profiles: hlsl ps_1_1 ps_1_2 ps_1_3 ps_1_4 ps_2_0 ps_2_a ps_2_b ps_2_x ps_3_0 vs_1_1 vs_2_0 vs_2_a vs_2_x vs_3_0
Info: OGRE:  * Texture Compression: yes
Info: OGRE:    - DXT: yes
Info: OGRE:    - VTC: no
Info: OGRE:    - PVRTC: no
Info: OGRE:    - 3Dc: yes
Info: OGRE:  * Scissor Rectangle: yes
Info: OGRE:  * Hardware Occlusion Query: yes
Info: OGRE:  * User clip planes: yes
Info: OGRE:  * VET_UBYTE4 vertex element type: yes
Info: OGRE:  * Infinite far plane projection: yes
Info: OGRE:  * Hardware render-to-texture: yes
Info: OGRE:  * Floating point textures: yes
Info: OGRE:  * Non-power-of-two textures: yes
Info: OGRE:  * Volume textures: yes
Info: OGRE:  * Multiple Render Targets: 4
Info: OGRE:    - With different bit depths: yes
Info: OGRE:  * Point Sprites: yes
Info: OGRE:  * Extended point parameters: yes
Info: OGRE:  * Max Point Size: 8192
Info: OGRE:  * Vertex texture fetch: yes
Info: OGRE:  * Number of world matrices: 0
Info: OGRE:  * Number of texture units: 8
Info: OGRE:  * Stencil buffer depth: 8
Info: OGRE:  * Number of vertex blend matrices: 0
Info: OGRE:    - Max vertex textures: 4
Info: OGRE:    - Vertex textures shared: no
Info: OGRE:  * Render to Vertex Buffer: no
Info: OGRE:  * Alpha to coverage: yes
Info: OGRE:  * Fetch4: no
Info: OGRE:  * Hardware Instancing: yes
Info: OGRE:  * Depth Buffer As Texture (INTZ): yes
Info: OGRE:  * DirectX per stage constants: yes
Info: OGRE:  * Max texture size: 8192
Info: OGRE: DefaultWorkQueue('Root') initialising on thread main.
Info: OGRE: Particle Renderer Type 'billboard' registered
Info: Renderer: GPU description: NVIDIA GeForce GTS 250
Info: Renderer: GPU codename: GeForce_Unknown
Info: Renderer: Shader model 2.0: yes
Info: Renderer: Shader model 3.0: yes
Info: 2D texture render target pixel formats: ByteL ByteL ShortL ShortL R5G6B5 A8R8G8B8 A2R10G10B10 A2B10G10R10 Float16RGBA Float32RGBA X8R8G8B8 Depth24 ShortRGBA Float16R Float32R ShortGR Float16GR Float32GR
Info: OGRE: Parsing scripts for resource group General
Info: OGRE: Parsing script Materials\Common\AmbientOneTexture.program
Info: OGRE: Parsing script Materials\Common\StdQuad_vp.program
Info: OGRE: Parsing script Materials\Common\StdQuadSM3_vp.program
Info: OGRE: Parsing script Materials\PostEffects\_ShowDepth\ShowDepth.material
Info: OGRE: Parsing script Materials\PostEffects\Blur\Blur.material
Info: OGRE: Parsing script Materials\PostEffects\ColorCorrection\ColorCorrection.material
Info: OGRE: Parsing script Materials\PostEffects\DepthOfField\DepthOfField_AutoFocusBegin.material
Info: OGRE: Parsing script Materials\PostEffects\DepthOfField\DepthOfField_AutoFocusCurrent.material
Info: OGRE: Parsing script Materials\PostEffects\DepthOfField\DepthOfField_AutoFocusFinal.material
Info: OGRE: Parsing script Materials\PostEffects\DepthOfField\DepthOfField_AutoFocusIteration.material
Info: OGRE: Parsing script Materials\PostEffects\DepthOfField\DepthOfField_Blur.material
Info: OGRE: Parsing script Materials\PostEffects\DepthOfField\DepthOfField_Downscale.material
Info: OGRE: Parsing script Materials\PostEffects\DepthOfField\DepthOfField_Final.material
Info: OGRE: Parsing script Materials\PostEffects\FXAA\FXAA_Final.material
Info: OGRE: Parsing script Materials\PostEffects\FXAA\FXAA_Luma.material
Info: OGRE: Parsing script Materials\PostEffects\Glass\Glass.material
Info: OGRE: Parsing script Materials\PostEffects\Grayscale\Grayscale.material
Info: OGRE: Parsing script Materials\PostEffects\HDR\hdr_Bloom.material
Info: OGRE: Parsing script Materials\PostEffects\HDR\hdr_BrightPass.material
Info: OGRE: Parsing script Materials\PostEffects\HDR\hdr_CalculateAdaptedLuminance.material
Info: OGRE: Parsing script Materials\PostEffects\HDR\hdr_CopyLastAdaptedLuminance.material
Info: OGRE: Parsing script Materials\PostEffects\HDR\hdr_FinalToneMapping.material
Info: OGRE: Parsing script Materials\PostEffects\HDR\hdr_GaussianBlur5x5.material
Info: OGRE: Parsing script Materials\PostEffects\HDR\hdr_SampleLuminanceFinal.material
Info: OGRE: Parsing script Materials\PostEffects\HDR\hdr_SampleLuminanceInitial.material
Info: OGRE: Parsing script Materials\PostEffects\HDR\hdr_SampleLuminanceIterative.material
Info: OGRE: Parsing script Materials\PostEffects\HeatVision\HaatVision_LightToHeat.material
Info: OGRE: Parsing script Materials\PostEffects\HeatVision\HeatVision_Blur.material
Info: OGRE: Parsing script Materials\PostEffects\Invert\Invert.material
Info: OGRE: Parsing script Materials\PostEffects\LDRBloom\LDRBloom_Bloom.material
Info: OGRE: Parsing script Materials\PostEffects\LDRBloom\LDRBloom_BrightPass.material
Info: OGRE: Parsing script Materials\PostEffects\LDRBloom\LDRBloom_Final.material
Info: OGRE: Parsing script Materials\PostEffects\LDRBloom\LDRBloom_GaussianBlur5x5.material
Info: OGRE: Parsing script Materials\PostEffects\LightScattering\LightScattering_Blur.material
Info: OGRE: Parsing script Materials\PostEffects\LightScattering\LightScattering_Final.material
Info: OGRE: Parsing script Materials\PostEffects\LightScattering\LightScattering_Scattering.material
Info: OGRE: Parsing script Materials\PostEffects\MotionBlur\MotionBlur_Combine.material
Info: OGRE: Parsing script Materials\PostEffects\MotionBlur\MotionBlur_Copyback.material
Info: OGRE: Parsing script Materials\PostEffects\MotionBlur\MotionBlur_Display.material
Info: OGRE: Parsing script Materials\PostEffects\OldTV\OldTV.material
Info: OGRE: Parsing script Materials\PostEffects\RadialBlur\RadialBlur.material
Info: OGRE: Parsing script Materials\PostEffects\Tiling\Tiling.material
Info: OGRE: Parsing script Materials\PostEffects\Vignetting\Vignetting.material
Info: OGRE: Parsing script Materials\PostEffects\_ShowDepth\ShowDepth.compositor
Info: OGRE: Parsing script Materials\PostEffects\Blur\Blur.compositor
Info: OGRE: Parsing script Materials\PostEffects\ColorCorrection\ColorCorrection.compositor
Info: OGRE: Parsing script Materials\PostEffects\DepthOfField\DepthOfField.compositor
Info: OGRE: Parsing script Materials\PostEffects\FXAA\FXAA.compositor
Info: OGRE: Parsing script Materials\PostEffects\Glass\Glass.compositor
Info: OGRE: Parsing script Materials\PostEffects\Grayscale\Grayscale.compositor
Info: OGRE: Parsing script Materials\PostEffects\HDR\hdr.compositor
Info: OGRE: Parsing script Materials\PostEffects\HeatVision\HeatVision.compositor
Info: OGRE: Parsing script Materials\PostEffects\Invert\Invert.compositor
Info: OGRE: Parsing script Materials\PostEffects\LDRBloom\LDRBloom.compositor
Info: OGRE: Parsing script Materials\PostEffects\LightScattering\LightScattering.compositor
Info: OGRE: Parsing script Materials\PostEffects\MotionBlur\MotionBlur.compositor
Info: OGRE: Parsing script Materials\PostEffects\OldTV\OldTV.compositor
Info: OGRE: Parsing script Materials\PostEffects\RadialBlur\RadialBlur.compositor
Info: OGRE: Parsing script Materials\PostEffects\Tiling\Tiling.compositor
Info: OGRE: Parsing script Materials\PostEffects\Vignetting\Vignetting.compositor
Info: OGRE: Parsing script _Tests\ParticleSystem\EmittersTest.particle
Info: OGRE: Parsing script Demos\VillageDemo\River\Splash\VillageSplashDown.particle
Info: OGRE: Parsing script Demos\VillageDemo\River\Splash\VillageWaterParticle.particle
Info: OGRE: Parsing script Demos\VillageDemo\River\Splash\VillageWaterParticle2.particle
Info: OGRE: Parsing script Demos\VillageDemo\River\Splash\VillageWaterParticle2_1.particle
Info: OGRE: Parsing script Demos\VillageDemo\River\Splash\VillageWaterParticle3.particle
Info: OGRE: Parsing script Demos\VillageDemo\River\Splash\VillageWaterParticleBig.particle
Info: OGRE: Parsing script Effects\ExplosionParticle\ExplosionParticle.particle
Info: OGRE: Parsing script Effects\ExplosionParticle\ExplosionParticle2.particle
Info: OGRE: Parsing script Effects\FireParticle\BigFireParticle.particle
Info: OGRE: Parsing script Effects\FireParticle\FireParticle.particle
Info: OGRE: Parsing script Effects\GreenyNimbusParticle\GreenyNimbusParticle.particle
Info: OGRE: Parsing script Effects\ItemParticle\ItemParticle.particle
Info: OGRE: Parsing script Effects\SmallSmokeParticle\SmallSmokeParticle.particle
Info: OGRE: Parsing script Effects\SmallSmokeParticle2\SmallSmokeParticle2.particle
Info: OGRE: Parsing script Effects\SmokeParticle\SmokeParticle.particle
Info: OGRE: Parsing script Types\Bullets\ShotgunBullet\ShotgunBullet.particle
Info: OGRE: Parsing script Types\Bullets\ShotgunBullet\ShotgunBulletHit.particle
Info: OGRE: Parsing script Types\Bullets\ShotgunBullet\ShotgunBulletHit2.particle
Info: OGRE: Parsing script Types\Bullets\SubmachineGunBullet\SubmachineGunBulletHit.particle
Info: OGRE: Parsing script Types\Bullets\SubmachineGunBullet\SubmachineGunBulletHit2.particle
Info: OGRE: Parsing script Types\Bullets\SubmachineGunGrenade\SubmachineGunGrenadeParticle.particle
Info: OGRE: Parsing script Types\Dynamic\DestructibleHouse\DestructibleHouseFileParticle.particle
Info: OGRE: Parsing script Types\Dynamic\Fan\FanParticle\FanParticle.particle
Info: OGRE: Parsing script Types\Dynamic\Firework\FireworkBullet\FireworkBulletHit.particle
Info: OGRE: Parsing script Types\Dynamic\GasFlamePipe\GasFlamePipeParticle\GasFlamePipe.particle
Info: OGRE: Parsing script Types\Dynamic\Pipe\PipeLeak\PipeLeakFlameParticle\PipeLeakFlame.particle
Info: OGRE: Parsing script Types\Dynamic\Pipe\PipeLeak\PipeLeakSteamParticle\PipeLeakSteam.particle
Info: OGRE: Parsing script Types\RTSSpecific\Dynamic\RTSGeyser\RTSGeyserParticle.particle
Info: OGRE: Parsing script Types\RTSSpecific\Units\RTSConstructor\RTSConstructorBullet\RTSConstructorBulletHit.particle
Info: OGRE: Parsing script Types\RTSSpecific\Units\RTSConstructor\RTSConstructorBullet\RTSConstructorBulletHit2.particle
Info: OGRE: Parsing script Types\RTSSpecific\Units\RTSRobot\RTSRobotBullet\RTSRobotBulletHit.particle
Info: OGRE: Parsing script Types\RTSSpecific\Units\RTSRobot\RTSRobotBullet\RTSRobotBulletHit2.particle
Info: OGRE: Parsing script Types\Special\WaterPlane\WaterSplash\WaterSplash.particle
Info: OGRE: Parsing script Types\Special\WaterPlane\WaterSplashWave\WaterSplashWave.particle
Info: OGRE: Parsing script Types\Units\Robot\RobotBullet\RobotBulletHit.particle
Info: OGRE: Parsing script Types\Units\Robot\RobotBullet\RobotBulletHit2.particle
Info: OGRE: Parsing script Types\Units\Turret\TurretBullet\TurretBulletHit.particle
Info: OGRE: Parsing script Types\Units\Turret\TurretBullet\TurretBulletHit2.particle
Info: OGRE: Parsing script Types\Units\Zombie\ZombieBullet\ZombieBulletHit.particle
Info: OGRE: Finished parsing scripts for resource group General
Info: OGRE: Parsing scripts for resource group Internal
Info: OGRE: Finished parsing scripts for resource group Internal
Info: Initializing high level material: _Tests\ModelImport\Animated\PigA_RenameTest.highMaterial
Info: Initializing high level material: _Tests\ModelImport\Static\ColladaTestStoneStatic.highMaterial
Info: Initializing high level material: _Tests\ParticleSystem\TestPointParticle.highMaterial
Info: Initializing high level material: _Tests\ScrollTexture\ScrollTextureTest.highMaterial
Info: Initializing high level material: _Tests\Unicode\Chinese\中国.highMaterial
Info: Initializing high level material: _Tests\Unicode\Russian\Русский.highMaterial
Info: Initializing high level material: Demos\BallGame\Models\Beam\BallGame_Beam.highMaterial
Info: Initializing high level material: Demos\BallGame\Types\BallGame_Ball\BallGame_Ball.highMaterial
Info: Initializing high level material: Demos\JigsawPuzzleGame\JigsawPuzzleImage.highMaterial
Info: Initializing high level material: Demos\JigsawPuzzleGame\JigsawPuzzleImageBackground.highMaterial
Info: Initializing high level material: Demos\VillageDemo\FarmModels\Materials\Farm000_MFVFloor.highMaterial
Info: Initializing high level material: Demos\VillageDemo\FarmModels\Materials\Farm000_MFVTextureA.highMaterial
Info: Initializing high level material: Demos\VillageDemo\FarmModels\Materials\Farm000_MFVTextureC.highMaterial
Info: Initializing high level material: Demos\VillageDemo\FarmModels\Materials\Farm000_MFVTextureE.highMaterial
Info: Initializing high level material: Demos\VillageDemo\FarmModels\Materials\Farm000_MFVThatchedBTransparent.highMaterial
Info: Initializing high level material: Demos\VillageDemo\FarmModels\Materials\Farm000_MFVWallA.highMaterial
Info: Initializing high level material: Demos\VillageDemo\FarmModels\Materials\Farm001_MFVPropsA.highMaterial
Info: Initializing high level material: Demos\VillageDemo\FarmModels\Materials\Farm002_MFVTextureA.highMaterial
Info: Initializing high level material: Demos\VillageDemo\FarmModels\Materials\Farm003_MFVFloor.highMaterial
Info: Initializing high level material: Demos\VillageDemo\FarmModels\Materials\Farm003_MFVTextureA.highMaterial
Info: Initializing high level material: Demos\VillageDemo\FarmModels\Materials\Farm003_MFVTextureC.highMaterial
Info: Initializing high level material: Demos\VillageDemo\FarmModels\Materials\Farm003_MFVTextureD.highMaterial
Info: Initializing high level material: Demos\VillageDemo\FarmModels\Materials\Farm003_MFVTextureE.highMaterial
Info: Initializing high level material: Demos\VillageDemo\FarmModels\Materials\Farm003_MFVThatchedBTransparent.highMaterial
Info: Initializing high level material: Demos\VillageDemo\FarmModels\Materials\Farm003_StrawTransparent.highMaterial
Info: Initializing high level material: Demos\VillageDemo\FarmModels\Materials\Farm004_MFVTextureA.highMaterial
Info: Initializing high level material: Demos\VillageDemo\FarmModels\Materials\Farm005_Fence.highMaterial
Info: Initializing high level material: Demos\VillageDemo\FarmModels\Materials\Farm006_Fence.highMaterial
Info: Initializing high level material: Demos\VillageDemo\FarmModels\Materials\Farm007_MFVTextureA.highMaterial
Info: Initializing high level material: Demos\VillageDemo\FarmModels\Materials\Farm007_MFVTextureC.highMaterial
Info: Initializing high level material: Demos\VillageDemo\FarmModels\Materials\Farm007_MFVTextureE.highMaterial
Info: Initializing high level material: Demos\VillageDemo\FarmModels\Materials\Farm007_MFVThatchedB.highMaterial
Info: Initializing high level material: Demos\VillageDemo\FarmModels\Materials\Farm007_MFVThatchedBTransparent.highMaterial
Info: Initializing high level material: Demos\VillageDemo\FarmModels\Materials\Farm008_StrawBale.highMaterial
Info: Initializing high level material: Demos\VillageDemo\FarmModels\Materials\Farm009_MFVPropsA.highMaterial
Info: Initializing high level material: Demos\VillageDemo\FarmModels\Materials\Farm010_MFVPropsA.highMaterial
Info: Initializing high level material: Demos\VillageDemo\FarmModels\Materials\Farm010_StrawNonTranspare.highMaterial
Info: Initializing high level material: Demos\VillageDemo\FarmModels\Materials\Farm011_MFVPropsA.highMaterial
Info: Initializing high level material: Demos\VillageDemo\FarmModels\Materials\Farm011_MFVTextureA.highMaterial
Info: Initializing high level material: Demos\VillageDemo\FarmModels\Materials\Farm012_MFVTextureA.highMaterial
Info: Initializing high level material: Demos\VillageDemo\FarmModels\Materials\Farm013_StrawTransparent.highMaterial
Info: Initializing high level material: Demos\VillageDemo\FarmModels\Materials\Farm014_MFVTextureA.highMaterial
Info: Initializing high level material: Demos\VillageDemo\FarmModels\Materials\Farm015_MFVPropsA.highMaterial
Info: Initializing high level material: Demos\VillageDemo\FarmModels\Materials\Farm016_MFVTextureA.highMaterial
Info: Initializing high level material: Demos\VillageDemo\FarmModels\Materials\Farm016_MFVTextureE.highMaterial
Info: Initializing high level material: Demos\VillageDemo\FarmModels\Materials\Farm016_MFVThatchedA.highMaterial
Info: Initializing high level material: Demos\VillageDemo\FarmModels\Materials\Farm017_MFVTextureA.highMaterial
Info: Initializing high level material: Demos\VillageDemo\FarmModels\Materials\Farm017_MFVTextureC.highMaterial
Info: Initializing high level material: Demos\VillageDemo\FarmModels\Materials\Farm017_Rope.highMaterial
Info: Initializing high level material: Demos\VillageDemo\FarmModels\Materials\Farm018_MFVPropsA.highMaterial
Info: Initializing high level material: Demos\VillageDemo\FarmModels\Materials\Farm018_MFVTextureA.highMaterial
Info: Initializing high level material: Demos\VillageDemo\FarmModels\Materials\Farm018_MFVThatchedB.highMaterial
Info: Initializing high level material: Demos\VillageDemo\FarmModels\Materials\Farm018_MFVThatchedBTransparent.highMaterial
Info: Initializing high level material: Demos\VillageDemo\FarmModels\Materials\Farm018_MFVWallA.highMaterial
Info: Initializing high level material: Demos\VillageDemo\FarmModels\Materials\Farm018_Rope.highMaterial
Info: Initializing high level material: Demos\VillageDemo\FarmModels\Materials\Farm019_MFVPropsA.highMaterial
Info: Initializing high level material: Demos\VillageDemo\FarmModels\Materials\Farm020_TreeLog.highMaterial
Info: Initializing high level material: Demos\VillageDemo\FarmModels\Materials\Farm021_TreeLog.highMaterial
Info: Initializing high level material: Demos\VillageDemo\FarmModels\Materials\Farm022_TreeLogB.highMaterial
Info: Initializing high level material: Demos\VillageDemo\FarmModels\Materials\Farm023_MFVPropsA.highMaterial
Info: Initializing high level material: Demos\VillageDemo\FarmModels\Materials\Farm023_MFVTextureA.highMaterial
Info: Initializing high level material: Demos\VillageDemo\FarmModels\Materials\Farm023_MFVTextureF.highMaterial
Info: Initializing high level material: Demos\VillageDemo\FarmModels\Materials\Farm024_MFVPropsA.highMaterial
Info: Initializing high level material: Demos\VillageDemo\FarmModels\Materials\Farm024_MFVTextureF.highMaterial
Info: Initializing high level material: Demos\VillageDemo\FarmModels\Materials\Farm025_MFVFloor.highMaterial
Info: Initializing high level material: Demos\VillageDemo\FarmModels\Materials\Farm025_MFVTextureA.highMaterial
Info: Initializing high level material: Demos\VillageDemo\FarmModels\Materials\Farm025_MFVTextureC.highMaterial
Info: Initializing high level material: Demos\VillageDemo\FarmModels\Materials\Farm025_MFVTextureD.highMaterial
Info: Initializing high level material: Demos\VillageDemo\FarmModels\Materials\Farm025_MFVTextureE.highMaterial
Info: Initializing high level material: Demos\VillageDemo\FarmModels\Materials\Farm025_MFVThatchedBTransparent.highMaterial
Info: Initializing high level material: Demos\VillageDemo\FarmModels\Materials\Farm025_MFVWallA.highMaterial
Info: Initializing high level material: Demos\VillageDemo\FarmModels\Materials\Farm025_MFVWallB.highMaterial
Info: Initializing high level material: Demos\VillageDemo\FarmModels\Materials\Farm026_Coal.highMaterial
Info: Initializing high level material: Demos\VillageDemo\FarmModels\Materials\Farm026_MFVFloor.highMaterial
Info: Initializing high level material: Demos\VillageDemo\FarmModels\Materials\Farm026_MFVPropsA.highMaterial
Info: Initializing high level material: Demos\VillageDemo\FarmModels\Materials\Farm026_MFVTextureA.highMaterial
Info: Initializing high level material: Demos\VillageDemo\FarmModels\Materials\Farm026_MFVTextureC.highMaterial
Info: Initializing high level material: Demos\VillageDemo\FarmModels\Materials\Farm026_MFVTextureE.highMaterial
Info: Initializing high level material: Demos\VillageDemo\FarmModels\Materials\Farm026_MFVThatchedA.highMaterial
Info: Initializing high level material: Demos\VillageDemo\FarmModels\Materials\Farm026_MFVWallA.highMaterial
Info: Initializing high level material: Demos\VillageDemo\FarmModels\Materials\Farm027_MFVFloor.highMaterial
Info: Initializing high level material: Demos\VillageDemo\FarmModels\Materials\Farm027_MFVTextureA.highMaterial
Info: Initializing high level material: Demos\VillageDemo\FarmModels\Materials\Farm027_MFVTextureC.highMaterial
Info: Initializing high level material: Demos\VillageDemo\FarmModels\Materials\Farm027_MFVTextureD.highMaterial
Info: Initializing high level material: Demos\VillageDemo\FarmModels\Materials\Farm027_MFVTextureE.highMaterial
Info: Initializing high level material: Demos\VillageDemo\FarmModels\Materials\Farm027_MFVThatchedBTransparent.highMaterial
Info: Initializing high level material: Demos\VillageDemo\FarmModels\Materials\Farm027_MFVWallA.highMaterial
Info: Initializing high level material: Demos\VillageDemo\FarmModels\Materials\Farm027_MFVWallB.highMaterial
Info: Initializing high level material: Demos\VillageDemo\FarmModels\Materials\Farm028_MFVTextureC.highMaterial
Info: Initializing high level material: Demos\VillageDemo\FarmModels\Materials\Farm029_Fence.highMaterial
Info: Initializing high level material: Demos\VillageDemo\FarmModels\Materials\Farm029_MFVPropsA.highMaterial
Info: Initializing high level material: Demos\VillageDemo\FarmModels\Materials\Farm030_Rope.highMaterial
Info: Initializing high level material: Demos\VillageDemo\FarmModels\Materials\Farm031_MFVPropsA.highMaterial
Info: Initializing high level material: Demos\VillageDemo\FarmModels\Materials\Farm032_MFVFloor.highMaterial
Info: Initializing high level material: Demos\VillageDemo\FarmModels\Materials\Farm032_MFVPropsA.highMaterial
Info: Initializing high level material: Demos\VillageDemo\FarmModels\Materials\Farm032_MFVTextureA.highMaterial
Info: Initializing high level material: Demos\VillageDemo\FarmModels\Materials\Farm032_MFVTextureC.highMaterial
Info: Initializing high level material: Demos\VillageDemo\FarmModels\Materials\Farm032_MFVTextureE.highMaterial
Info: Initializing high level material: Demos\VillageDemo\FarmModels\Materials\Farm032_MFVThatchedBTransparent.highMaterial
Info: Initializing high level material: Demos\VillageDemo\FarmModels\Materials\Farm032_MFVWallA.highMaterial
Info: Initializing high level material: Demos\VillageDemo\FarmModels\Materials\Farm033_MFVFloor.highMaterial
Info: Initializing high level material: Demos\VillageDemo\FarmModels\Materials\Farm033_MFVPropsA.highMaterial
Info: Initializing high level material: Demos\VillageDemo\FarmModels\Materials\Farm033_MFVTextureA.highMaterial
Info: Initializing high level material: Demos\VillageDemo\FarmModels\Materials\Farm033_MFVTextureC.highMaterial
Info: Initializing high level material: Demos\VillageDemo\FarmModels\Materials\Farm033_MFVTextureD.highMaterial
Info: Initializing high level material: Demos\VillageDemo\FarmModels\Materials\Farm033_MFVTextureE.highMaterial
Info: Initializing high level material: Demos\VillageDemo\FarmModels\Materials\Farm033_MFVThatchedBTransparent.highMaterial
Info: Initializing high level material: Demos\VillageDemo\FarmModels\Materials\Farm033_MFVWallA.highMaterial
Info: Initializing high level material: Demos\VillageDemo\FarmModels\Materials\Farm033_MFVWallB.highMaterial
Info: Initializing high level material: Demos\VillageDemo\FarmModels\Materials\Farm035_MFVPropsA.highMaterial
Info: Initializing high level material: Demos\VillageDemo\FarmModels\Materials\Farm036_MFVFloor.highMaterial
Info: Initializing high level material: Demos\VillageDemo\FarmModels\Materials\Farm036_MFVTextureA.highMaterial
Info: Initializing high level material: Demos\VillageDemo\FarmModels\Materials\Farm036_MFVTextureC.highMaterial
Info: Initializing high level material: Demos\VillageDemo\FarmModels\Materials\Farm036_MFVTextureD.highMaterial
Info: Initializing high level material: Demos\VillageDemo\FarmModels\Materials\Farm036_MFVTextureE.highMaterial
Info: Initializing high level material: Demos\VillageDemo\FarmModels\Materials\Farm036_MFVTextureF.highMaterial
Info: Initializing high level material: Demos\VillageDemo\FarmModels\Materials\Farm036_MFVThatchedB.highMaterial
Info: Initializing high level material: Demos\VillageDemo\FarmModels\Materials\Farm036_MFVThatchedBTransparent.highMaterial
Info: Initializing high level material: Demos\VillageDemo\FarmModels\Materials\Farm036_MFVWallA.highMaterial
Info: Initializing high level material: Demos\VillageDemo\FarmModels\Materials\Farm036_MFVWallB.highMaterial
Info: Initializing high level material: Demos\VillageDemo\FarmModels\Materials\Farm036_Rope.highMaterial
Info: Initializing high level material: Demos\VillageDemo\FarmModels\Materials\Farm037_MFVPropsA.highMaterial
Info: Initializing high level material: Demos\VillageDemo\FarmModels\Materials\Farm037_MFVTextureF.highMaterial
Info: Initializing high level material: Demos\VillageDemo\FarmModels\Materials\Farm038_MFVTextureA.highMaterial
Info: Initializing high level material: Demos\VillageDemo\FarmModels\Materials\Farm039_MFVTextureA.highMaterial
Info: Initializing high level material: Demos\VillageDemo\FarmModels\Materials\Farm039_MFVTextureC.highMaterial
Info: Initializing high level material: Demos\VillageDemo\FarmModels\Materials\Farm039_MFVWallA.highMaterial
Info: Initializing high level material: Demos\VillageDemo\FarmModels\Materials\Farm041_MFVPropsA.highMaterial
Info: Initializing high level material: Demos\VillageDemo\FarmModels\Materials\Farm042_MFVPropsA.highMaterial
Info: Initializing high level material: Demos\VillageDemo\FarmModels\Materials\Farm044_MFVPropsA.highMaterial
Info: Initializing high level material: Demos\VillageDemo\FarmModels\Materials\Farm045_MFVTextureA.highMaterial
Info: Initializing high level material: Demos\VillageDemo\FarmModels\Materials\Farm045_MFVTextureF.highMaterial
Info: Initializing high level material: Demos\VillageDemo\FarmModels\Materials\Farm046_MFVPropsA.highMaterial
Info: Initializing high level material: Demos\VillageDemo\FarmModels\Materials\Farm047_MFVPropsA.highMaterial
Info: Initializing high level material: Demos\VillageDemo\FarmModels\Materials\Farm048_MFVPropsA.highMaterial
Info: Initializing high level material: Demos\VillageDemo\FarmModels\Materials\Farm049_MFVPropsA.highMaterial
Info: Initializing high level material: Demos\VillageDemo\FarmModels\Materials\Farm050_MFVTextureA.highMaterial
Info: Initializing high level material: Demos\VillageDemo\FarmModels\Materials\Farm051_MFVPropsA.highMaterial
Info: Initializing high level material: Demos\VillageDemo\FarmModels\Materials\Farm051_MFVTextureF.highMaterial
Info: Initializing high level material: Demos\VillageDemo\FarmModels\Materials\Farm053_MFVTextureA.highMaterial
Info: Initializing high level material: Demos\VillageDemo\FarmModels\Materials\Farm055_MFVPropsA.highMaterial
Info: Initializing high level material: Demos\VillageDemo\FarmModels\Materials\Farm058_MFVTextureA.highMaterial
Info: Initializing high level material: Demos\VillageDemo\FarmModels\Materials\Farm061_MFVTextureA.highMaterial
Info: Initializing high level material: Demos\VillageDemo\FarmModels\Materials\Farm062_MFVTextureC.highMaterial
Info: Initializing high level material: Demos\VillageDemo\FarmModels\Materials\Farm063_MFVPropsA.highMaterial
Info: Initializing high level material: Demos\VillageDemo\FarmModels\Materials\Farm064_Rope.highMaterial
Info: Initializing high level material: Demos\VillageDemo\FarmModels\Materials\Farm065_MFVTextureA.highMaterial
Info: Initializing high level material: Demos\VillageDemo\FarmModels\Materials\Farm066_MFVPropsA.highMaterial
Info: Initializing high level material: Demos\VillageDemo\FarmModels\Materials\Farm067_TreeLogB.highMaterial
Info: Initializing high level material: Demos\VillageDemo\FarmModels\Materials\Farm068_MFVPropsA.highMaterial
Info: Initializing high level material: Demos\VillageDemo\FarmModels\Materials\Farm069_MFVTextureF.highMaterial
Info: Initializing high level material: Demos\VillageDemo\FarmModels\Materials\FarmBridge_Base.highMaterial
Info: Initializing high level material: Demos\VillageDemo\FarmModels\Materials\FarmBridge_Floor.highMaterial
Info: Initializing high level material: Demos\VillageDemo\River\Splash\VillageWaterParticle.highMaterial
Info: Initializing high level material: Demos\VillageDemo\River\Splash\VillageWaterParticle2.highMaterial
Info: Initializing high level material: Demos\VillageDemo\River\VillageRiver.highMaterial
Info: Initializing high level material: Demos\VillageDemo\River\VillageWaterfalls.highMaterial
Info: Initializing high level material: Demos\VillageDemo\Rock\FarmRock_12SG_Smoothing.highMaterial
Info: Initializing high level material: Demos\VillageDemo\Rock\FarmRock_13SG.highMaterial
Info: Initializing high level material: Demos\VillageDemo\Rock\FarmRock_14SG.highMaterial
Info: Initializing high level material: Demos\VillageDemo\Rock\FarmRock_15SG.highMaterial
Info: Initializing high level material: Demos\VillageDemo\Rock\FarmRock_18SG_Smoothing.highMaterial
Info: Initializing high level material: Demos\VillageDemo\Rock\FarmRock_18SG_Smoothing2.highMaterial
Info: Initializing high level material: Demos\VillageDemo\Rock\FarmRock_19SG.highMaterial
Info: Initializing high level material: Demos\VillageDemo\Rock\FarmRock_19SG_Smoothing.highMaterial
Info: Initializing high level material: Demos\VillageDemo\Rock\FarmRock_5SG_Smoothing.highMaterial
Info: Initializing high level material: Demos\VillageDemo\Rock\FarmRock_6SG_Smoothing.highMaterial
Info: Initializing high level material: Demos\VillageDemo\Rock\FarmRock_8SG_Smoothing.highMaterial
Info: Initializing high level material: Demos\VillageDemo\Types\VillageSign\VillageSign.highMaterial
Info: Initializing high level material: Demos\VillageDemo\Vegetation\Shrubs\VillageShrub.highMaterial
Info: Initializing high level material: Effects\DefaultFlare\DefaultFlare.highMaterial
Info: Initializing high level material: Effects\ExplosionParticle\ExplosionParticle.highMaterial
Info: Initializing high level material: Effects\ExplosionParticle\ExplosionParticle2.highMaterial
Info: Initializing high level material: Effects\FireParticle\FireParticle.highMaterial
Info: Initializing high level material: Effects\ItemParticle\ItemParticle.highMaterial
Info: Initializing high level material: Effects\SmokeParticle\SmokeParticle.highMaterial
Info: Initializing high level material: Maps\PortalSystemDemo\StaticGeometry\Garage\FpsDemoGarage_Celling.highMaterial
Info: Initializing high level material: Maps\PortalSystemDemo\StaticGeometry\Garage\FpsDemoGarage_Floor.highMaterial
Info: Initializing high level material: Maps\PortalSystemDemo\StaticGeometry\Garage\FpsDemoGarage_OuterWall.highMaterial
Info: Initializing high level material: Maps\PortalSystemDemo\StaticGeometry\Garage\FpsDemoGarage_Roof.highMaterial
Info: Initializing high level material: Maps\PortalSystemDemo\StaticGeometry\Garage\FpsDemoGarage_Wall.highMaterial
Info: Initializing high level material: Maps\PortalSystemDemo\StaticGeometry\House\FpsDemoHouse_BrickWall.highMaterial
Info: Initializing high level material: Maps\PortalSystemDemo\StaticGeometry\House\FpsDemoHouse_Celling.highMaterial
Info: Initializing high level material: Maps\PortalSystemDemo\StaticGeometry\House\FpsDemoHouse_Floor.highMaterial
Info: Initializing high level material: Maps\PortalSystemDemo\StaticGeometry\House\FpsDemoHouse_LargeBricks.highMaterial
Info: Initializing high level material: Maps\PortalSystemDemo\StaticGeometry\House\FpsDemoHouse_WallMetal.highMaterial
Info: Initializing high level material: Maps\PortalSystemDemo\StaticGeometry\House\FpsDemoHouse_WallPainted.highMaterial
Info: Initializing high level material: Maps\RecastNavigationExample\Geometry\RecastDemoGeometry.highMaterial
Info: Initializing high level material: Maps\RenderDemo\Materials\RenderDemoCelling.highMaterial
Info: Initializing high level material: Maps\RenderDemo\Materials\RenderDemoCorridorFloor.highMaterial
Info: Initializing high level material: Maps\RenderDemo\Materials\RenderDemoDoor.highMaterial
Info: Initializing high level material: Maps\RenderDemo\Materials\RenderDemoLamp.highMaterial
Info: Initializing high level material: Maps\RenderDemo\Materials\RenderDemoRoomFloor.highMaterial
Info: Initializing high level material: Maps\RenderDemo\Materials\RenderDemoTrims.highMaterial
Info: Initializing high level material: Maps\RenderDemo\Materials\RenderDemoWall.highMaterial
Info: Initializing high level material: Maps\RTSDemo\Models\RTSConcreteBlock\RTSConcreteBlock.highMaterial
Info: Initializing high level material: Maps\TankDemo\Resources\Meshes\FakeTrees\TankDemoFakeTrees.highMaterial
Info: Initializing high level material: Maps\TankDemo\Resources\Meshes\Stone\TankDemoStone.highMaterial
Info: Initializing high level material: Maps\TankDemo\Resources\Meshes\Trees\TankDemoTree_Bark.highMaterial
Info: Initializing high level material: Maps\TankDemo\Resources\Meshes\Trees\TankDemoTree_Leafs.highMaterial
Info: Initializing high level material: Maps\TPSArcadeDemo\Resources\Models\TPSDemoRock.highMaterial
Info: Initializing high level material: Maps\TPSArcadeDemo\Resources\Models\TPSDemoRockStone.highMaterial
Info: Initializing high level material: Maps\TurretDemo\Resources\Models\TurretDemoRock.highMaterial
Info: Initializing high level material: Maps\TurretDemo\Resources\Models\TurretDemoRockStone.highMaterial
Info: Initializing high level material: Maps\TurretDemo\Resources\Models\TurretDemoRockStone2.highMaterial
Info: Initializing high level material: Materials\Simple\Black.highMaterial
Info: Initializing high level material: Materials\Simple\Blue.highMaterial
Info: Initializing high level material: Materials\Simple\DarkBlue.highMaterial
Info: Initializing high level material: Materials\Simple\DarkGray.highMaterial
Info: Initializing high level material: Materials\Simple\DarkGreen.highMaterial
Info: Initializing high level material: Materials\Simple\DarkRed.highMaterial
Info: Initializing high level material: Materials\Simple\DarkYellow.highMaterial
Info: Initializing high level material: Materials\Simple\Gray.highMaterial
Info: Initializing high level material: Materials\Simple\Green.highMaterial
Info: Initializing high level material: Materials\Simple\Red.highMaterial
Info: Initializing high level material: Materials\Simple\White.highMaterial
Info: Initializing high level material: Materials\Simple\Yellow.highMaterial
Info: Initializing high level material: Models\Beam\Beam.highMaterial
Info: Initializing high level material: Models\RockBig\RockBig.highMaterial
Info: Initializing high level material: Models\Rooms\Rooms_Celling.highMaterial
Info: Initializing high level material: Models\Rooms\Rooms_Cells.highMaterial
Info: Initializing high level material: Models\Rooms\Rooms_ConcreteWall.highMaterial
Info: Initializing high level material: Models\Rooms\Rooms_FloorHall.highMaterial
Info: Initializing high level material: Models\Rooms\Rooms_PassageWall.highMaterial
Info: Initializing high level material: Models\SandBags\SandBags.highMaterial
Info: Initializing high level material: Models\Tree\Tree_Bark.highMaterial
Info: Initializing high level material: Models\Tree\Tree_Leafs.highMaterial
Info: Initializing high level material: Types\Base\Light\LightFlare.highMaterial
Info: Initializing high level material: Types\Bullets\ShotgunBullet\ShotgunBulletHitParticle.highMaterial
Info: Initializing high level material: Types\Bullets\ShotgunBullet\ShotgunBulletHitParticle2.highMaterial
Info: Initializing high level material: Types\Bullets\ShotgunBullet\ShotgunBulletRibbonTrail.highMaterial
Info: Initializing high level material: Types\Bullets\SubmachineGunBullet\SubmachineGunBulletHit.highMaterial
Info: Initializing high level material: Types\Bullets\SubmachineGunBullet\SubmachineGunBulletHit2.highMaterial
Info: Initializing high level material: Types\Bullets\SubmachineGunGrenade\SubmachineGunSmokeParticle.highMaterial
Info: Initializing high level material: Types\Decals\DefaultBulletDecal\DefaultBulletDecal.highMaterial
Info: Initializing high level material: Types\Decals\DefaultExplosionDecal\DefaultExplosionDecal.highMaterial
Info: Initializing high level material: Types\Decals\ZombieBulletDecal\ZombieBulletDecal.highMaterial
Info: Initializing high level material: Types\DecorativeObjects\DecorativeStones\DecorativeStones.highMaterial
Info: Initializing high level material: Types\DecorativeObjects\Ear\Ear.highMaterial
Info: Initializing high level material: Types\DecorativeObjects\FlowerWhite\FlowerWhite.highMaterial
Info: Initializing high level material: Types\DecorativeObjects\FlowerYellow\FlowerYellow.highMaterial
Info: Initializing high level material: Types\DecorativeObjects\GrassBrown\GrassBrown.highMaterial
Info: Initializing high level material: Types\DecorativeObjects\GrassGreen\GrassGreen.highMaterial
Info: Initializing high level material: Types\Dynamic\Ball\Ball.highMaterial
Info: Initializing high level material: Types\Dynamic\BooleanSwitch\BooleanSwitch.highMaterial
Info: Initializing high level material: Types\Dynamic\BooleanSwitch\BooleanSwitchOff.highMaterial
Info: Initializing high level material: Types\Dynamic\BooleanSwitch\BooleanSwitchOn.highMaterial
Info: Initializing high level material: Types\Dynamic\Box\Box.highMaterial
Info: Initializing high level material: Types\Dynamic\CubemapReflectedBall\CubemapReflectedBall.highMaterial
Info: Initializing high level material: Types\Dynamic\DestructibleHouse\DestructibleHouse.highMaterial
Info: Initializing high level material: Types\Dynamic\DestructibleHouse\DestructibleHouseWinDoor.highMaterial
Info: Initializing high level material: Types\Dynamic\Door\Door.highMaterial
Info: Initializing high level material: Types\Dynamic\DynamicSinusoidSurface\DynamicSinusoidSurface.highMaterial
Info: Initializing high level material: Types\Dynamic\ExampleMagicBall\ExampleMagicBallBlinkMaterial.highMaterial
Info: Initializing high level material: Types\Dynamic\ExplosionBarrel\ExplosionBarrel.highMaterial
Info: Initializing high level material: Types\Dynamic\Fan\Fan.highMaterial
Info: Initializing high level material: Types\Dynamic\Fan\FanParticle\FanParticle.highMaterial
Info: Initializing high level material: Types\Dynamic\Firework\FireworkBullet\FireworkBulletRibbonTrail.highMaterial
Info: Initializing high level material: Types\Dynamic\FlareTest\FlareTest.highMaterial
Info: Initializing high level material: Types\Dynamic\GasFlamePipe\GasFlamePipeParticle\GasFlamePipeParticle.highMaterial
Info: Initializing high level material: Types\Dynamic\HangingCable\HangingCable.highMaterial
Info: Initializing high level material: Types\Dynamic\HangingLamp\HangingLampBase.highMaterial
Info: Initializing high level material: Types\Dynamic\HangingLamp\HangingLampLamps.highMaterial
Info: Initializing high level material: Types\Dynamic\LightBall\LightBall.highMaterial
Info: Initializing high level material: Types\Dynamic\Pipe\PipeLeak\PipeLeakFlameParticle\PipeLeakFlameParticle.highMaterial
Info: Initializing high level material: Types\Dynamic\Pipe\PipeLeak\PipeLeakSteamParticle\PipeLeakSteamParticle.highMaterial
Info: Initializing high level material: Types\Dynamic\Pipe\PipeSwitch\PipeSwitch.highMaterial
Info: Initializing high level material: Types\Dynamic\Placard\Placard.highMaterial
Info: Initializing high level material: Types\Dynamic\Placard\Placard_Holders.highMaterial
Info: Initializing high level material: Types\Dynamic\Teleporter\Teleporter.highMaterial
Info: Initializing high level material: Types\Dynamic\Terminal\Terminal.highMaterial
Info: Initializing high level material: Types\Dynamic\Terminal\TerminalClientNotSupportedInfo.highMaterial
Info: Initializing high level material: Types\Dynamic\WindMill\WindMill.highMaterial
Info: Initializing high level material: Types\Dynamic\WindMill\WindMillFan.highMaterial
Info: Initializing high level material: Types\Dynamic\WoodBox\WoodBox.highMaterial
Info: Initializing high level material: Types\Items\AccessCard\AccessCard.highMaterial
Info: Initializing high level material: Types\Items\BulletItems\ShotgunBulletsItem\ShotgunBulletsItem.highMaterial
Info: Initializing high level material: Types\Items\BulletItems\SubmachineGunBulletsItem\SubmachineGunBulletsItem.highMaterial
Info: Initializing high level material: Types\Items\Dynamite\Dynamite.highMaterial
Info: Initializing high level material: Types\Items\HealthItems\SmallHealthItem\SmallHealthItem.highMaterial
Info: Initializing high level material: Types\RTSSpecific\Special\RTSBuildMaterial\RTSBuildMaterial.highMaterial
Info: Initializing high level material: Types\RTSSpecific\Units\RTSConstructor\RTSConstructorBullet\RTSConstructorBulletHit.highMaterial
Info: Initializing high level material: Types\RTSSpecific\Units\RTSConstructor\RTSConstructorBullet\RTSConstructorBulletHit2.highMaterial
Info: Initializing high level material: Types\RTSSpecific\Units\RTSFactory\RTSFactory.highMaterial
Info: Initializing high level material: Types\RTSSpecific\Units\RTSFactory\RTSFactory2.highMaterial
Info: Initializing high level material: Types\RTSSpecific\Units\RTSFactory\RTSFactoryGlass.highMaterial
Info: Initializing high level material: Types\RTSSpecific\Units\RTSHeadquaters\RTSHeadquaters.highMaterial
Info: Initializing high level material: Types\RTSSpecific\Units\RTSHeadquaters\RTSHeadquaters2.highMaterial
Info: Initializing high level material: Types\RTSSpecific\Units\RTSMine\RTSMine.highMaterial
Info: Initializing high level material: Types\RTSSpecific\Units\RTSMine\RTSMine2.highMaterial
Info: Initializing high level material: Types\RTSSpecific\Units\RTSRobot\RTSRobotBullet\RTSRobotBulletHit.highMaterial
Info: Initializing high level material: Types\RTSSpecific\Units\RTSRobot\RTSRobotBullet\RTSRobotBulletHit2.highMaterial
Info: Initializing high level material: Types\Sky\BlueDaySky\BlueDaySky.highMaterial
Info: Initializing high level material: Types\Special\WaterPlane\WaterSplash\WaterSplash.highMaterial
Info: Initializing high level material: Types\Special\WaterPlane\WaterSplashWave\WaterSplashWave.highMaterial
Info: Initializing high level material: Types\StaticObjects\EngineLogoPlacard\EngineLogoPlacard.highMaterial
Info: Initializing high level material: Types\StaticObjects\Eyes\Eyes.highMaterial
Info: Initializing high level material: Types\StaticObjects\MineBoard\MineBoard.highMaterial
Info: Initializing high level material: Types\StaticObjects\OgreHead\BumpMappingExample\BumpMappingExample.highMaterial
Info: Initializing high level material: Types\StaticObjects\OgreHead\OgreHead.highMaterial
Info: Initializing high level material: Types\StaticObjects\OgreHead\OgreHeadAnimated.highMaterial
Info: Initializing high level material: Types\StaticObjects\OgreHead\OgreHeadDynamicDiffuseScale.highMaterial
Info: Initializing high level material: Types\StaticObjects\OgreHead\OgreHeadEyes.highMaterial
Info: Initializing high level material: Types\StaticObjects\OgreHead\OgreHeadFangs.highMaterial
Info: Initializing high level material: Types\StaticObjects\OgreHead\OgreHeadTransparentExample\OgreHeadTransparentExample.highMaterial
Info: Initializing high level material: Types\StaticObjects\OgreHead\PerPixelLightingExample\PerPixelLightingExample.highMaterial
Info: Initializing high level material: Types\StaticObjects\Palette\Palette.highMaterial
Info: Initializing high level material: Types\StaticObjects\ParkingBarrier\ParkingBarrier.highMaterial
Info: Initializing high level material: Types\StaticObjects\Pipe\Pipe.highMaterial
Info: Initializing high level material: Types\StaticObjects\RabbitHead\RabbitHead.highMaterial
Info: Initializing high level material: Types\StaticObjects\StaticBox\StaticBox.highMaterial
Info: Initializing high level material: Types\StaticObjects\Stone\Stone.highMaterial
Info: Initializing high level material: Types\StaticObjects\StopSign\StopSign.highMaterial
Info: Initializing high level material: Types\StaticObjects\SwitchBox\SwitchBox.highMaterial
Info: Initializing high level material: Types\StaticObjects\WallLamp\WallLamp.highMaterial
Info: Initializing high level material: Types\Units\Bug\Bug.highMaterial
Info: Initializing high level material: Types\Units\Crane\CraneBase\CraneBase_ConcreteCleanColor.highMaterial
Info: Initializing high level material: Types\Units\Crane\CraneBase\CraneBase_MetalPaintedColor.highMaterial
Info: Initializing high level material: Types\Units\Crane\CraneBase\CraneBase_MetalPatern01Color.highMaterial
Info: Initializing high level material: Types\Units\Crane\CraneBase\CraneBase_MetalPatern02Color.highMaterial
Info: Initializing high level material: Types\Units\Crane\CraneGibbet\CraneGibbet_MetalPattern01Color.highMaterial
Info: Initializing high level material: Types\Units\Crane\CraneMagnet\CraneMagnet_MetalPatern02Color.highMaterial
Info: Initializing high level material: Types\Units\Crane\CraneTower\CraneTower_ConcreteBlockColor.highMaterial
Info: Initializing high level material: Types\Units\Crane\CraneTower\CraneTower_MetalPaintedColor.highMaterial
Info: Initializing high level material: Types\Units\Crane\CraneTower\CraneTower_MetalPatern_01Color.highMaterial
Info: Initializing high level material: Types\Units\Crane\CraneTower\CraneTower_MetalPatern02Color.highMaterial
Info: Initializing high level material: Types\Units\Crane\CraneTower\CraneTower_ObjectColor.highMaterial
Info: Initializing high level material: Types\Units\Girl\Girl.highMaterial
Info: Initializing high level material: Types\Units\Helicopter\Helicopter.highMaterial
Info: Initializing high level material: Types\Units\Rabbit\Rabbit.highMaterial
Info: Initializing high level material: Types\Units\Robot\Robot.highMaterial
Info: Initializing high level material: Types\Units\Robot\Robot2.highMaterial
Info: Initializing high level material: Types\Units\Robot\RobotBullet\RobotBulletHit.highMaterial
Info: Initializing high level material: Types\Units\Robot\RobotBullet\RobotBulletHit2.highMaterial
Info: Initializing high level material: Types\Units\TigerTank\TigerTank_Base.highMaterial
Info: Initializing high level material: Types\Units\TigerTank\TigerTank_LeftTrack.highMaterial
Info: Initializing high level material: Types\Units\TigerTank\TigerTank_RightTrack.highMaterial
Info: Initializing high level material: Types\Units\Turret\Turret.highMaterial
Info: Initializing high level material: Types\Units\Turret\TurretBullet\TurretBulletHit.highMaterial
Info: Initializing high level material: Types\Units\Turret\TurretBullet\TurretBulletHit2.highMaterial
Info: Initializing high level material: Types\Units\Zombie\Zombie.highMaterial
Info: Initializing high level material: Types\Units\Zombie\ZombieBullet\ZombieBullet.highMaterial
Info: Initializing high level material: Types\Units\Zombie\ZombieBullet\ZombieBulletHitParticle.highMaterial
Info: Initializing high level material: Types\Vegetation\Trees\Materials\Tree01A_Bark.highMaterial
Info: Initializing high level material: Types\Vegetation\Trees\Materials\Tree01A_Bark_LOD.highMaterial
Info: Initializing high level material: Types\Vegetation\Trees\Materials\Tree01A_Branch.highMaterial
Info: Initializing high level material: Types\Vegetation\Trees\Materials\Tree01A_Branch_LOD.highMaterial
Info: Initializing high level material: Types\Vegetation\Trees\Materials\Tree02A_Bark.highMaterial
Info: Initializing high level material: Types\Vegetation\Trees\Materials\Tree02A_Bark_LOD.highMaterial
Info: Initializing high level material: Types\Vegetation\Trees\Materials\Tree02A_Branch.highMaterial
Info: Initializing high level material: Types\Vegetation\Trees\Materials\Tree02A_Branch_LOD.highMaterial
Info: Initializing high level material: Types\Vegetation\Trees\Materials\Tree03A_Bark.highMaterial
Info: Initializing high level material: Types\Vegetation\Trees\Materials\Tree03A_Bark_LOD.highMaterial
Info: Initializing high level material: Types\Vegetation\Trees\Materials\Tree03A_Branch.highMaterial
Info: Initializing high level material: Types\Vegetation\Trees\Materials\Tree03A_Branch_LOD.highMaterial
Info: Initializing high level material: Types\Vegetation\Trees\Materials\Tree04A_Bark.highMaterial
Info: Initializing high level material: Types\Vegetation\Trees\Materials\Tree04A_Bark_LOD.highMaterial
Info: Initializing high level material: Types\Vegetation\Trees\Materials\Tree04A_Branch.highMaterial
Info: Initializing high level material: Types\Vegetation\Trees\Materials\Tree04A_Branch_LOD.highMaterial
Info: Initializing high level material: Types\Vegetation\Trees\Materials\Tree05A_Bark.highMaterial
Info: Initializing high level material: Types\Vegetation\Trees\Materials\Tree05A_Bark_LOD.highMaterial
Info: Initializing high level material: Types\Vegetation\Trees\Materials\Tree05A_Branch.highMaterial
Info: Initializing high level material: Types\Vegetation\Trees\Materials\Tree05A_Branch_LOD.highMaterial
Info: Initializing high level material: Types\Vegetation\Trees\Materials\Tree06A_Bark.highMaterial
Info: Initializing high level material: Types\Vegetation\Trees\Materials\Tree06A_Bark_LOD.highMaterial
Info: Initializing high level material: Types\Vegetation\Trees\Materials\Tree06A_Branch.highMaterial
Info: Initializing high level material: Types\Vegetation\Trees\Materials\Tree06A_Branch_LOD.highMaterial
Info: Initializing high level material: Types\Vegetation\Trees\Materials\Tree07A_Bark.highMaterial
Info: Initializing high level material: Types\Vegetation\Trees\Materials\Tree07A_Bark_LOD.highMaterial
Info: Initializing high level material: Types\Vegetation\Trees\Materials\Tree07A_Branch.highMaterial
Info: Initializing high level material: Types\Vegetation\Trees\Materials\Tree07A_Branch_LOD.highMaterial
Info: Initializing high level material: Types\Vegetation\Trees\Materials\Tree08A_Bark.highMaterial
Info: Initializing high level material: Types\Vegetation\Trees\Materials\Tree08A_Bark_LOD.highMaterial
Info: Initializing high level material: Types\Vegetation\Trees\Materials\Tree08A_Branch.highMaterial
Info: Initializing high level material: Types\Vegetation\Trees\Materials\Tree08A_Branch_LOD.highMaterial
Info: Initializing high level material: Types\Weapons\Hammer\Hammer.highMaterial
Info: Initializing high level material: Types\Weapons\Shotgun\Shotgun.highMaterial
Info: Initializing high level material: Types\Weapons\Shotgun\Shotgun_FPSCamera.highMaterial
Info: Initializing high level material: Types\Weapons\SubmachineGun\ScarRifle_FPSCamera\ScarRifle_1_FPSCamera.highMaterial
Info: Initializing high level material: Types\Weapons\SubmachineGun\ScarRifle_FPSCamera\ScarRifle_2_FPSCamera.highMaterial
Info: Initializing high level material: Types\Weapons\SubmachineGun\ScarRifle_FPSCamera\ScarRifle_3_FPSCamera.highMaterial
Info: Initializing high level material: Types\Weapons\SubmachineGun\ScarRifle_TPSCamera\ScarRifle_1.highMaterial
Info: Initializing high level material: Types\Weapons\SubmachineGun\ScarRifle_TPSCamera\ScarRifle_2.highMaterial
Info: Initializing high level material: Types\Weapons\SubmachineGun\ScarRifle_TPSCamera\ScarRifle_3.highMaterial
Info: Initializing high level material: Types\Weapons\SubmachineGun\SubmachineGunFire.highMaterial
Info: Initializing high level material: Utils\ModelImportEditor\ModelImportEditor_SourceAdded.highMaterial
Info: Initializing high level material: Utils\ModelImportEditor\ModelImportEditor_SourceFree.highMaterial
Info: Initializing high level material: Utils\ResourceEditorGrid\ResourceEditorGrid_1.highMaterial
Info: Initializing high level material: Utils\ResourceEditorGrid\ResourceEditorGrid_2.highMaterial
Info: Sound system is initialized (Driver: OpenAL 1.1 ALSOFT 1.13, Device: DirectSound Default)
Info: OGRE: !!! Direct3D Device Lost!
Info: OGRE: D3D9TextureManager released:
Info: OGRE: 0 unmanaged textures
Info: OGRE: D3D9HardwareBufferManager released:
Info: OGRE: 0 unmanaged vertex buffers
Info: OGRE: 0 unmanaged index buffers
Info: OGRE: D3D9TextureManager released:
Info: OGRE: 0 unmanaged textures
Info: OGRE: D3D9HardwareBufferManager released:
Info: OGRE: 0 unmanaged vertex buffers
Info: OGRE: 0 unmanaged index buffers
Info: OGRE: Reset device ok w:931 h:917
Info: OGRE: D3D9TextureManager recreated:
Info: OGRE: 0 unmanaged textures
Info: OGRE: D3D9HardwareBufferManager recreated:
Info: OGRE: 0 unmanaged vertex buffers
Info: OGRE: 0 unmanaged index buffers
Info: OGRE: !!! Direct3D Device successfully restored.
Info: OGRE: RenderTarget "MainWindow": createAdditionalMRTs
Info: OGRE: D3D9 : Loading 2D Texture, image name : 'Models\Tree\Tree_Bark.dds' with 2147483647 mip map levels
Info: OGRE: Mesh: Loading Utils\ResourceEditorGrid\ResourceEditorGrid.mesh.
Info: OGRE: Texture: Utils\ResourceEditorGrid\ResourceEditorGrid_2.png: Loading 1 faces(PF_R8G8B8,4x4x1) with  hardware generated mipmaps from Image. Internal format is PF_X8R8G8B8,4x4x1.
Info: OGRE: Texture: Utils\ResourceEditorGrid\ResourceEditorGrid_1.png: Loading 1 faces(PF_R8G8B8,4x4x1) with  hardware generated mipmaps from Image. Internal format is PF_X8R8G8B8,4x4x1.
Info: Initializing high level material: Models\Tree\Tree_Bark.highMaterial
Info: OGRE: Texture: Types\Base\Light\LightFlare.jpg: Loading 1 faces(PF_R8G8B8,256x256x1) with  hardware generated mipmaps from Image. Internal format is PF_X8R8G8B8,256x256x1.
Info: OGRE: Mesh: Loading Utils\MaterialPreviewMeshes\RoundBox.mesh.
Info: OGRE: D3D9 : Loading 2D Texture, image name : 'Models\Tree\Tree_Bark_NRM.dds' with 2147483647 mip map levels
Info: OGRE: D3D9 : Loading 2D Texture, image name : 'Models\Tree\Tree_Bark_SPEC.dds' with 2147483647 mip map levels
Info: OGRE: Texture: Utils\ResourceEditorSkyBox\Cubemap_fr.png: Loading 1 faces(PF_R8G8B8,512x512x1) with  hardware generated mipmaps from Image. Internal format is PF_X8R8G8B8,512x512x1.
Info: OGRE: Texture: Utils\ResourceEditorSkyBox\Cubemap_bk.png: Loading 1 faces(PF_R8G8B8,512x512x1) with  hardware generated mipmaps from Image. Internal format is PF_X8R8G8B8,512x512x1.
Info: OGRE: Texture: Utils\ResourceEditorSkyBox\Cubemap_lf.png: Loading 1 faces(PF_R8G8B8,512x512x1) with  hardware generated mipmaps from Image. Internal format is PF_X8R8G8B8,512x512x1.
Info: OGRE: Texture: Utils\ResourceEditorSkyBox\Cubemap_rt.png: Loading 1 faces(PF_R8G8B8,512x512x1) with  hardware generated mipmaps from Image. Internal format is PF_X8R8G8B8,512x512x1.
Info: OGRE: Texture: Utils\ResourceEditorSkyBox\Cubemap_up.png: Loading 1 faces(PF_R8G8B8,512x512x1) with  hardware generated mipmaps from Image. Internal format is PF_X8R8G8B8,512x512x1.
Info: OGRE: Texture: Utils\ResourceEditorSkyBox\Cubemap_dn.png: Loading 1 faces(PF_R8G8B8,512x512x1) with  hardware generated mipmaps from Image. Internal format is PF_X8R8G8B8,512x512x1.
Info: Initializing high level material: Models\Tree\Tree_Bark.highMaterial
Info: OGRE: D3D9 : Loading 2D Texture, image name : 'Models\Tree\Tree_Leafs.dds' with 2147483647 mip map levels
Info: Initializing high level material: Models\Tree\Tree_Leafs.highMaterial
Info: OGRE: D3D9 : Loading 2D Texture, image name : 'Models\Tree\Tree_Leafs_SPEC.dds' with 2147483647 mip map levels
Info: Initializing high level material: Models\Tree\Tree_Leafs.highMaterial
Info: OGRE: Mesh: Loading _Tests\ModelImport\Static\ColladaTest.mesh.
Info: OGRE: Mesh: Loading _Tests\ModelImport\Static\ColladaTest.mesh.
Info: OGRE: Texture: _Tests\ModelImport\Static\ColladaTestStoneStatic.jpg: Loading 1 faces(PF_R8G8B8,512x512x1) with  hardware generated mipmaps from Image. Internal format is PF_X8R8G8B8,512x512x1.
Info: Initializing high level material: _Tests\ModelImport\Static\ColladaTestStoneStatic.highMaterial
Info: OGRE: Texture: Materials\Common\White.jpg: Loading 1 faces(PF_R8G8B8,32x32x1) with  hardware generated mipmaps from Image. Internal format is PF_X8R8G8B8,32x32x1.
Warning: The configuration object cannot be deleted.
Warning: The configuration object cannot be deleted.
Warning: The configuration object cannot be deleted.
Warning: The configuration object cannot be deleted.
Warning: Not added sources to import cannot be deleted.
Warning: Not added sources to import cannot be deleted.
Warning: Not added sources to import cannot be deleted.
Warning: Not added sources to import cannot be deleted.
Warning: The configuration object cannot be deleted.
Info: Initializing high level material: _Tests\ModelImport\Static\ColladaTestStoneStatic.highMaterial
Info: Initializing high level material: _Tests\ModelImport\Static\ColladaTestStoneStatic.highMaterial
Info: OGRE: Mesh: Loading _Tests\ModelImport\Static\ColladaTest.mesh.
Info: Updating model data source "_Tests\ModelImport\Static\ColladaTest.modelImport".
Info: OGRE: MeshSerializer writing mesh data to E:\NeoAxis Engine Non-Commercial SDK 1.21\Game\Bin\Data\_Tests\ModelImport\Static\ColladaTest.mesh...
Info: OGRE: File header written.
Info: OGRE: Writing mesh data...
Info: OGRE: Writing submesh...
Info: OGRE: Exporting submesh texture aliases...
Info: OGRE: Submesh texture aliases exported.
Info: OGRE: Submesh exported.
Info: OGRE: Exporting bounds information....
Info: OGRE: Bounds information exported.
Info: OGRE: Exporting submesh name table...
Info: OGRE: Submesh name table exported.
Info: OGRE: Exporting edge lists...
Info: OGRE: Edge lists exported
Info: OGRE: Mesh data exported.
Info: OGRE: MeshSerializer export successful.
Info: OGRE: Mesh: Loading _Tests\ModelImport\Static\ColladaTest.mesh.
Info: Initializing high level material: _Tests\ModelImport\Static\ColladaTestStoneStatic.highMaterial
Info: OGRE: Mesh: Loading _Tests\ModelImport\Static\ColladaTest.mesh.
Info: OGRE: MeshSerializer writing mesh data to E:\NeoAxis Engine Non-Commercial SDK 1.21\Game\Bin\Data\_Tests\ModelImport\Static\ColladaTest.mesh...
Info: OGRE: File header written.
Info: OGRE: Writing mesh data...
Info: OGRE: Writing submesh...
Info: OGRE: Exporting submesh texture aliases...
Info: OGRE: Submesh texture aliases exported.
Info: OGRE: Submesh exported.
Info: OGRE: Exporting bounds information....
Info: OGRE: Bounds information exported.
Info: OGRE: Exporting submesh name table...
Info: OGRE: Submesh name table exported.
Info: OGRE: Exporting edge lists...
Info: OGRE: Edge lists exported
Info: OGRE: Mesh data exported.
Info: OGRE: MeshSerializer export successful.
Info: Initializing high level material: _Tests\ModelImport\Static\ColladaTestStoneStatic.highMaterial
Info: OGRE: Mesh: Loading _Tests\ModelImport\Static\ColladaTest.mesh.
Info: OGRE: Mesh: Loading _Tests\ModelImport\Static\ColladaTest.mesh.
Info: OGRE: Mesh: Loading _Tests\ModelImport\Static\ColladaTest.mesh.
Info: OGRE: Mesh: Loading _Tests\ModelImport\Static\ColladaTest.mesh.
Info: Initializing high level material: _Tests\ModelImport\Static\ColladaTestStoneStatic.highMaterial
Info: Initializing high level material: _Tests\ModelImport\Static\ColladaTestStoneStatic.highMaterial
Info: Initializing high level material: _Tests\ModelImport\Static\ColladaTestStoneStatic.highMaterial
Info: OGRE: Mesh: Loading _Tests\ModelImport\Static\ColladaTest.mesh.
Info: OGRE: Mesh: Loading _Tests\ModelImport\Static\ColladaTest.mesh.
Info: Initializing high level material: _Tests\ModelImport\Static\ColladaTestStoneStatic.highMaterial
Info: OGRE: Mesh: Loading _Tests\ModelImport\Static\ColladaTest.mesh.
Info: OGRE: Mesh: Loading _Tests\ModelImport\Static\ColladaTest.mesh.
Warning: Editing mode is not supported for this file.
Info: Initializing high level material: _Tests\ModelImport\Static\ColladaTestStoneStatic.highMaterial
Info: Initializing high level material: _Tests\ModelImport\Static\ColladaTestStoneStatic.highMaterial
Warning: Editing mode is not supported for this file.
Warning: Editing mode is not supported for this file.
Warning: Editing mode is not supported for this file.
Info: Initializing high level material: _Tests\ModelImport\Static\ColladaTestStoneStatic.highMaterial
Info: Initializing high level material: _Tests\ModelImport\Static\ColladaTestStoneStatic.highMaterial
Info: OGRE: Mesh: Loading Utils\ResourceEditorGrid\ResourceEditorGrid.mesh.
Info: OGRE: Mesh: Loading Utils\ResourceEditorGrid\ResourceEditorGrid.mesh.
Info: OGRE: Mesh: Loading Utils\ResourceEditorGrid\ResourceEditorGrid.mesh.
Info: OGRE: Mesh: Loading Utils\ResourceEditorGrid\ResourceEditorGrid.mesh.
Warning: Editing mode is not supported for this file.
Warning: Unable to load model source "Types\StaticObjects\Imported\House_001.dae" (Unable to open file "E:\NeoAxis Engine Non-Commercial SDK 1.21\Game\Bin\Data\Types\StaticObjects\Imported\House_001.dae".).
Info: OGRE: Mesh: Loading Types\StaticObjects\OgreHead\OgreHead.mesh.
Info: OGRE: D3D9 : Loading 2D Texture, image name : 'Types\StaticObjects\OgreHead\OgreHead.dds' with 2147483647 mip map levels
Info: OGRE: Texture: Types\StaticObjects\OgreHead\OgreHead_NormalHeight.png: Loading 1 faces(PF_A8R8G8B8,256x256x1) with  hardware generated mipmaps from Image. Internal format is PF_A8R8G8B8,256x256x1.
Info: OGRE: D3D9 : Loading 2D Texture, image name : 'Types\StaticObjects\OgreHead\OgreHead_Specular.dds' with 2147483647 mip map levels
Info: OGRE: D3D9 : Loading 2D Texture, image name : 'Types\Dynamic\CubemapReflectedBall\Diffuse.dds' with 2147483647 mip map levels
Info: OGRE: Texture: Utils\ResourceEditorSkyBox\Cubemap.png: Loading 6 faces(PF_R8G8B8,512x512x1) with  hardware generated mipmaps from multiple Images. Internal format is PF_X8R8G8B8,512x512x1.
Info: OGRE: Mesh: Loading Utils\ResourceEditorGrid\ResourceEditorGrid.mesh.
Info: OGRE: Mesh: Loading Types\StaticObjects\OgreHead\OgreHead.mesh.
Info: OGRE: Mesh: Loading Types\StaticObjects\OgreHead\OgreHead.mesh.
Info: OGRE: Mesh: Loading Types\StaticObjects\OgreHead\OgreHead.mesh.
Info: OGRE: Mesh: Loading Utils\ResourceEditorGrid\ResourceEditorGrid.mesh.
Info: OGRE: Mesh: Loading Types\StaticObjects\OgreHead\OgreHead.mesh.
Info: OGRE: Mesh: Loading Types\StaticObjects\OgreHead\OgreHead.mesh.
Info: Initializing high level material: Types\StaticObjects\OgreHead\OgreHead.highMaterial
Info: OGRE: Mesh: Loading Utils\MaterialPreviewMeshes\RoundBox.mesh.
Info: OGRE: Mesh: Loading Types\StaticObjects\OgreHead\OgreHead.mesh.
Info: OGRE: Mesh: Loading Types\StaticObjects\OgreHead\OgreHead.mesh.
Info: OGRE: Can't assign material Material-material to SubEntity of _MovableObject1002 because this Material does not exist. Have you forgotten to define it in a .material script?
Info: OGRE: MeshSerializer writing mesh data to E:\NeoAxis Engine Non-Commercial SDK 1.21\Game\Bin\Data\Types\StaticObjects\Imported\shelf.mesh...
Info: OGRE: File header written.
Info: OGRE: Writing mesh data...
Info: OGRE: Writing submesh...
Info: OGRE: Exporting submesh texture aliases...
Info: OGRE: Submesh texture aliases exported.
Info: OGRE: Submesh exported.
Info: OGRE: Exporting bounds information....
Info: OGRE: Bounds information exported.
Info: OGRE: Exporting submesh name table...
Info: OGRE: Submesh name table exported.
Info: OGRE: Exporting edge lists...
Info: OGRE: Edge lists exported
Info: OGRE: Mesh data exported.
Info: OGRE: MeshSerializer export successful.
Info: Initializing high level material: Types\StaticObjects\Imported\Material-material.highMaterial
Info: Initializing high level material: Types\StaticObjects\Imported\Material-material.highMaterial
Info: Initializing high level material: Types\StaticObjects\Imported\Material-material.highMaterial
Info: OGRE: Mesh: Loading Types\StaticObjects\Imported\shelf.mesh.
Info: OGRE: Mesh: Loading Types\StaticObjects\Imported\shelf.mesh.
Info: OGRE: Mesh: Loading Types\StaticObjects\Imported\shelf.mesh.
Info: OGRE: Mesh: Loading Types\StaticObjects\Imported\shelf.mesh.
Info: Initializing high level material: Types\StaticObjects\Imported\Material-material.highMaterial
Info: OGRE: Mesh: Loading Types\StaticObjects\Imported\shelf.mesh.
Info: OGRE: Mesh: Loading Types\StaticObjects\Imported\shelf.mesh.
Info: Initializing high level material: Types\StaticObjects\Imported\Material-material.highMaterial
Info: OGRE: Mesh: Loading Types\StaticObjects\Imported\shelf.mesh.
Info: OGRE: Mesh: Loading Types\StaticObjects\Imported\shelf.mesh.
Info: OGRE: Mesh: Loading Types\StaticObjects\Imported\shelf.mesh.
Info: OGRE: Mesh: Loading Types\StaticObjects\Imported\shelf.mesh.
Info: OGRE: MeshSerializer writing mesh data to E:\NeoAxis Engine Non-Commercial SDK 1.21\Game\Bin\Data\Types\StaticObjects\Imported\shelf.mesh...
Info: OGRE: File header written.
Info: OGRE: Writing mesh data...
Info: OGRE: Writing submesh...
Info: OGRE: Exporting submesh texture aliases...
Info: OGRE: Submesh texture aliases exported.
Info: OGRE: Submesh exported.
Info: OGRE: Exporting bounds information....
Info: OGRE: Bounds information exported.
Info: OGRE: Exporting submesh name table...
Info: OGRE: Submesh name table exported.
Info: OGRE: Exporting edge lists...
Info: OGRE: Edge lists exported
Info: OGRE: Mesh data exported.
Info: OGRE: MeshSerializer export successful.
Info: Initializing high level material: Types\StaticObjects\Imported\Material-material.highMaterial
Info: OGRE: Mesh: Loading Types\StaticObjects\Imported\shelf.mesh.
Info: OGRE: Mesh: Loading Types\StaticObjects\Imported\shelf.mesh.
Info: Initializing high level material: Types\StaticObjects\Imported\Material-material.highMaterial
Info: OGRE: Mesh: Loading Types\StaticObjects\Imported\shelf.mesh.
Info: OGRE: Mesh: Loading Types\StaticObjects\Imported\shelf.mesh.
Info: OGRE: Mesh: Loading Types\StaticObjects\Imported\shelf.mesh.
Info: OGRE: Mesh: Loading Types\StaticObjects\Imported\shelf.mesh.
Info: Initializing high level material: Types\StaticObjects\OgreHead\OgreHead.highMaterial
Info: OGRE: Mesh: Loading Types\StaticObjects\OgreHead\OgreHead.mesh.
Info: OGRE: Mesh: Loading Types\StaticObjects\OgreHead\OgreHead.mesh.
Info: OGRE: Mesh: Loading Types\StaticObjects\OgreHead\OgreHead.mesh.
Info: OGRE: Mesh: Loading Utils\ResourceEditorGrid\ResourceEditorGrid.mesh.
Info: OGRE: Mesh: Loading Utils\ResourceEditorGrid\ResourceEditorGrid.mesh.
Info: OGRE: Mesh: Loading Utils\ResourceEditorGrid\ResourceEditorGrid.mesh.
Info: OGRE: Mesh: Loading Types\StaticObjects\Imported\shelf.mesh.
Info: OGRE: Mesh: Loading Types\StaticObjects\Imported\shelf.mesh.
Info: OGRE: Mesh: Loading Utils\ResourceEditorGrid\ResourceEditorGrid.mesh.
Info: OGRE: Mesh: Loading Types\StaticObjects\Imported\shelf.mesh.
Info: OGRE: Mesh: Loading Types\StaticObjects\Imported\shelf.mesh.
Info: OGRE: Mesh: Loading Utils\ResourceEditorGrid\ResourceEditorGrid.mesh.
Info: Initializing high level material: Types\StaticObjects\Imported\Material-material.highMaterial
Info: OGRE: Mesh: Loading Utils\MaterialPreviewMeshes\RoundBox.mesh.
Info: OGRE: Mesh: Loading Types\StaticObjects\Imported\shelf.mesh.
Info: OGRE: Mesh: Loading Types\StaticObjects\Imported\shelf.mesh.
Info: OGRE: Mesh: Loading Utils\ResourceEditorGrid\ResourceEditorGrid.mesh.
Info: OGRE: Mesh: Loading Utils\ResourceEditorGrid\ResourceEditorGrid.mesh.
Info: OGRE: Mesh: Loading Types\Units\Girl\Girl.mesh.
Info: OGRE: Skeleton: Loading Types\Units\Girl\Girl.skeleton
Info: OGRE: D3D9 : Loading 2D Texture, image name : 'Types\Units\Girl\Girl_Diffuse.dds' with 2147483647 mip map levels
Info: OGRE: D3D9 : Loading 2D Texture, image name : 'Types\Units\Girl\Girl_Specular.dds' with 2147483647 mip map levels
Info: OGRE: Mesh: Loading Utils\ResourceEditorGrid\ResourceEditorGrid.mesh.
Info: OGRE: Mesh: Loading Utils\ResourceEditorGrid\ResourceEditorGrid.mesh.
Info: OGRE: Mesh: Loading Types\StaticObjects\OgreHead\OgreHead.mesh.
Info: OGRE: D3D9 : Loading 2D Texture, image name : 'Types\StaticObjects\ParkingBarrier\ParkingBarrier.dds' with 2147483647 mip map levels
Warning: Editing mode is not supported for this file.
Info: OGRE: Mesh: Loading Utils\ResourceEditorGrid\ResourceEditorGrid.mesh.
Warning: Editing mode is not supported for this file.
Warning: The configuration object cannot be deleted.
Warning: The configuration object cannot be deleted.
Info: OGRE: Can't assign material Material_005-material to SubEntity of _MovableObject1501 because this Material does not exist. Have you forgotten to define it in a .material script?
Info: OGRE: MeshSerializer writing mesh data to E:\NeoAxis Engine Non-Commercial SDK 1.21\Game\Bin\Data\Types\StaticObjects\Wall_001\Wall_001.mesh...
Info: OGRE: File header written.
Info: OGRE: Writing mesh data...
Info: OGRE: Writing submesh...
Info: OGRE: Exporting submesh texture aliases...
Info: OGRE: Submesh texture aliases exported.
Info: OGRE: Submesh exported.
Info: OGRE: Exporting bounds information....
Info: OGRE: Bounds information exported.
Info: OGRE: Exporting submesh name table...
Info: OGRE: Submesh name table exported.
Info: OGRE: Exporting edge lists...
Info: OGRE: Edge lists exported
Info: OGRE: Mesh data exported.
Info: OGRE: MeshSerializer export successful.
Info: OGRE: Can't assign material Material_006-material to SubEntity of _MovableObject1502 because this Material does not exist. Have you forgotten to define it in a .material script?
Info: OGRE: MeshSerializer writing mesh data to E:\NeoAxis Engine Non-Commercial SDK 1.21\Game\Bin\Data\Types\StaticObjects\Wall_001\Wall_0012.mesh...
Info: OGRE: File header written.
Info: OGRE: Writing mesh data...
Info: OGRE: Writing submesh...
Info: OGRE: Exporting submesh texture aliases...
Info: OGRE: Submesh texture aliases exported.
Info: OGRE: Submesh exported.
Info: OGRE: Exporting bounds information....
Info: OGRE: Bounds information exported.
Info: OGRE: Exporting submesh name table...
Info: OGRE: Submesh name table exported.
Info: OGRE: Exporting edge lists...
Info: OGRE: Edge lists exported
Info: OGRE: Mesh data exported.
Info: OGRE: MeshSerializer export successful.
Info: Initializing high level material: Types\StaticObjects\Wall_001\Material_005-material.highMaterial
Info: Initializing high level material: Types\StaticObjects\Wall_001\Material_006-material.highMaterial
Info: OGRE: Mesh: Loading Types\StaticObjects\Wall_001\Wall_0012.mesh.
Info: OGRE: Mesh: Loading Types\StaticObjects\Wall_001\Wall_0012.mesh.
Info: OGRE: Mesh: Loading Types\StaticObjects\Wall_001\Wall_001.mesh.
Info: OGRE: Mesh: Loading Types\StaticObjects\Wall_001\Wall_001.mesh.
Info: Initializing high level material: Types\StaticObjects\Wall_001\Material_005-material.highMaterial
Info: OGRE: Mesh: Loading Utils\MaterialPreviewMeshes\RoundBox.mesh.
Info: Initializing high level material: Types\StaticObjects\Wall_001\Material_006-material.highMaterial
Info: OGRE: Mesh: Loading Types\StaticObjects\Wall_001\Wall_001.mesh.
Info: OGRE: Mesh: Loading Types\StaticObjects\Wall_001\Wall_001.mesh.
Info: OGRE: Mesh: Loading Types\StaticObjects\Wall_001\Wall_0012.mesh.
Info: OGRE: Mesh: Loading Types\StaticObjects\Wall_001\Wall_0012.mesh.
Info: OGRE: Mesh: Loading Types\StaticObjects\Wall_001\Wall_001.mesh.
Info: OGRE: Mesh: Loading Types\StaticObjects\Wall_001\Wall_001.mesh.
Warning: Model Import Configuration "Types\StaticObjects\Castle_001\castle_001.modelImport": Configuration is not valid. Mesh "castle_001" has no sources..
Warning: Model Import Configuration "Types\StaticObjects\Castle_001\castle_001.modelImport": Configuration is not valid. Mesh "castle_001" has no sources..
Info: OGRE: Can't assign material Material_001-material to SubEntity of _MovableObject1674 because this Material does not exist. Have you forgotten to define it in a .material script?
Info: OGRE: Can't assign material Material_002-material to SubEntity of _MovableObject1674 because this Material does not exist. Have you forgotten to define it in a .material script?
Info: OGRE: MeshSerializer writing mesh data to E:\NeoAxis Engine Non-Commercial SDK 1.21\Game\Bin\Data\Types\StaticObjects\Castle_001\castle_001.mesh...
Info: OGRE: File header written.
Info: OGRE: Writing mesh data...
Info: OGRE: Writing submesh...
Info: OGRE: Exporting submesh texture aliases...
Info: OGRE: Submesh texture aliases exported.
Info: OGRE: Submesh exported.
Info: OGRE: Writing submesh...
Info: OGRE: Exporting submesh texture aliases...
Info: OGRE: Submesh texture aliases exported.
Info: OGRE: Submesh exported.
Info: OGRE: Exporting bounds information....
Info: OGRE: Bounds information exported.
Info: OGRE: Exporting submesh name table...
Info: OGRE: Submesh name table exported.
Info: OGRE: Exporting edge lists...
Info: OGRE: Edge lists exported
Info: OGRE: Mesh data exported.
Info: OGRE: MeshSerializer export successful.
Info: Initializing high level material: Types\StaticObjects\Castle_001\Material_001-material.highMaterial
Info: Initializing high level material: Types\StaticObjects\Castle_001\Material_002-material.highMaterial
Info: OGRE: Mesh: Loading Types\StaticObjects\Castle_001\castle_001.mesh.
Info: OGRE: Mesh: Loading Types\StaticObjects\Castle_001\castle_001.mesh.
Info: Initializing high level material: Types\StaticObjects\Castle_001\Material_001-material.highMaterial
Info: Initializing high level material: Types\StaticObjects\Castle_001\Material_002-material.highMaterial
Info: Initializing high level material: Types\StaticObjects\Castle_001\Material_001-material.highMaterial
Info: Initializing high level material: Types\StaticObjects\Castle_001\Material_002-material.highMaterial
Info: Initializing high level material: Types\StaticObjects\Castle_001\Material_001-material.highMaterial
Info: OGRE: Mesh: Loading Types\StaticObjects\Castle_001\castle_001.mesh.
Info: OGRE: Mesh: Loading Types\StaticObjects\Castle_001\castle_001.mesh.
Info: OGRE: Mesh: Loading Types\StaticObjects\Castle_001\castle_001.mesh.
Info: OGRE: Mesh: Loading Types\StaticObjects\Castle_001\castle_001.mesh.
Info: OGRE: Mesh: Loading Types\StaticObjects\Castle_001\castle_001.mesh.
Info: OGRE: Mesh: Loading Types\StaticObjects\Castle_001\castle_001.mesh.
Info: OGRE: Mesh: Loading Utils\ResourceEditorGrid\ResourceEditorGrid.mesh.
Info: OGRE: Mesh: Loading Types\StaticObjects\Castle_001\castle_001.mesh.
Info: OGRE: Mesh: Loading Utils\ResourceEditorGrid\ResourceEditorGrid.mesh.
Info: OGRE: Mesh: Loading Types\StaticObjects\Castle_001\castle_001.mesh.
Info: OGRE: Mesh: Loading Utils\ResourceEditorGrid\ResourceEditorGrid.mesh.
Info: OGRE: Mesh: Loading Types\StaticObjects\Castle_001\castle_001.mesh.
Info: OGRE: Mesh: Loading Utils\ResourceEditorGrid\ResourceEditorGrid.mesh.
Info: OGRE: Mesh: Loading Types\StaticObjects\Castle_001\castle_001.mesh.
Info: OGRE: Mesh: Loading Utils\ResourceEditorGrid\ResourceEditorGrid.mesh.
Info: OGRE: Mesh: Loading Types\StaticObjects\OgreHead\OgreHead.mesh.
Info: OGRE: Mesh: Loading Utils\ResourceEditorGrid\ResourceEditorGrid.mesh.
Info: OGRE: Mesh: Loading Types\StaticObjects\Castle_001\castle_001.mesh.
Info: OGRE: Mesh: Loading Utils\ResourceEditorGrid\ResourceEditorGrid.mesh.
Info: OGRE: Mesh: Loading Types\StaticObjects\Castle_001\castle_001.mesh.
Info: OGRE: Mesh: Loading Utils\ResourceEditorGrid\ResourceEditorGrid.mesh.
Info: OGRE: Mesh: Loading Types\StaticObjects\Castle_001\castle_001.mesh.
Info: OGRE: Mesh: Loading Utils\ResourceEditorGrid\ResourceEditorGrid.mesh.
Info: OGRE: Mesh: Loading Types\StaticObjects\Castle_001\castle_001.mesh.
Info: OGRE: Mesh: Loading Utils\ResourceEditorGrid\ResourceEditorGrid.mesh.
Info: Initializing high level material: Types\StaticObjects\Castle_001\Material_001-material.highMaterial
Info: OGRE: Mesh: Loading Utils\MaterialPreviewMeshes\RoundBox.mesh.
Info: Initializing high level material: Types\StaticObjects\Castle_001\Material_002-material.highMaterial
Info: Initializing high level material: Types\StaticObjects\Castle_001\Material_001-material.highMaterial
Info: Initializing high level material: Types\StaticObjects\Castle_001\Material_002-material.highMaterial
Info: Initializing high level material: Types\StaticObjects\Castle_001\Material_001-material.highMaterial
Info: Initializing high level material: Types\StaticObjects\Castle_001\Material_002-material.highMaterial
Info: Initializing high level material: Types\StaticObjects\Castle_001\Material_001-material.highMaterial
Info: Initializing high level material: Types\StaticObjects\Castle_001\Material_002-material.highMaterial
Info: OGRE: Mesh: Loading Types\StaticObjects\Castle_001\castle_001.mesh.
Info: OGRE: Mesh: Loading Utils\ResourceEditorGrid\ResourceEditorGrid.mesh.
Info: OGRE: Mesh: Loading Types\StaticObjects\OgreHead\OgreHead.mesh.
Info: OGRE: D3D9 : Loading 2D Texture, image name : 'Types\StaticObjects\Castle_001\OgreHead.dds' with 2147483647 mip map levels
Info: OGRE: D3D9 : Loading 2D Texture, image name : 'Types\StaticObjects\Castle_001\castle_001.dds' with 2147483647 mip map levels
Info: OGRE: D3D9 : Loading 2D Texture, image name : 'Types\StaticObjects\Castle_001\castle_001.dds' with 9 mip map levels
Info: OGRE: Mesh: Loading Utils\ResourceEditorGrid\ResourceEditorGrid.mesh.
Info: Initializing high level material: Types\StaticObjects\Castle_001\Material_002-material.highMaterial
Info: OGRE: Mesh: Loading Utils\MaterialPreviewMeshes\RoundBox.mesh.
Info: OGRE: Mesh: Loading Types\StaticObjects\Castle_001\castle_001.mesh.
Info: OGRE: Mesh: Loading Utils\ResourceEditorGrid\ResourceEditorGrid.mesh.
Info: OGRE: Mesh: Loading Types\StaticObjects\Castle_001\castle_001.mesh.
Info: OGRE: Mesh: Loading Utils\ResourceEditorGrid\ResourceEditorGrid.mesh.
Info: OGRE: Mesh: Loading Types\StaticObjects\Castle_001\castle_001.mesh.
Info: OGRE: Mesh: Loading Utils\ResourceEditorGrid\ResourceEditorGrid.mesh.
Info: Initializing high level material: Types\StaticObjects\Castle_001\Material_001-material.highMaterial
Info: OGRE: Mesh: Loading Utils\MaterialPreviewMeshes\RoundBox.mesh.
Info: Initializing high level material: Types\StaticObjects\Castle_001\Material_002-material.highMaterial
Info: Initializing high level material: Types\StaticObjects\Castle_001\Material_002-material.highMaterial
Info: Initializing high level material: Types\StaticObjects\Castle_001\Material_002-material.highMaterial
Info: Initializing high level material: Types\StaticObjects\Castle_001\Material_002-material.highMaterial
Info: Initializing high level material: Types\StaticObjects\Castle_001\Material_002-material.highMaterial
Info: Initializing high level material: Types\StaticObjects\Castle_001\Material_002-material.highMaterial
Info: Initializing high level material: Types\StaticObjects\Castle_001\Material_002-material.highMaterial
Info: Initializing high level material: Types\StaticObjects\Castle_001\Material_002-material.highMaterial
Info: Initializing high level material: Types\StaticObjects\Castle_001\Material_002-material.highMaterial
Info: Initializing high level material: Types\StaticObjects\Castle_001\Material_002-material.highMaterial
Info: Initializing high level material: Types\StaticObjects\Castle_001\Material_002-material.highMaterial
Info: OGRE: RenderTarget "MainWindow": destroyAdditionalMRTs
Info: NativeMemoryManager: Leaks statistics begin
Info: Leak - type: Renderer, size: 9712 x 1 = 9712 (file: NULL)
Info: Leak - type: Renderer, size: 1132 x 1 = 1132 (file: NULL)
Info: Leak - type: Renderer, size: 1028 x 1 = 1028 (file: NULL)
Info: Leak - type: Renderer, size: 532 x 1 = 532 (file: NULL)
Info: Leak - type: Renderer, size: 364 x 1 = 364 (file: NULL)
Info: Leak - type: Renderer, size: 308 x 1 = 308 (file: NULL)
Info: Leak - type: Renderer, size: 304 x 1 = 304 (file: NULL)
Info: Leak - type: Renderer, size: 292 x 1 = 292 (file: NULL)
Info: Leak - type: Renderer, size: 184 x 1 = 184 (file: NULL)
Info: Leak - type: Renderer, size: 168 x 1 = 168 (file: NULL)
Info: Leak - type: Renderer, size: 152 x 1 = 152 (file: NULL)
Info: Leak - type: Renderer, size: 120 x 7 = 840 (file: NULL)
Info: Leak - type: Renderer, size: 96 x 11 = 1056 (file: NULL)
Info: Leak - type: Renderer, size: 88 x 1 = 88 (file: OgreD3D9HardwareBufferManager.h:79)
Info: Leak - type: Renderer, size: 88 x 1 = 88 (file: NULL)
Info: Leak - type: Renderer, size: 76 x 1 = 76 (file: NULL)
Info: Leak - type: Renderer, size: 72 x 1 = 72 (file: NULL)
Info: Leak - type: Renderer, size: 68 x 2 = 136 (file: NULL)
Info: Leak - type: Renderer, size: 60 x 1 = 60 (file: NULL)
Info: Leak - type: Renderer, size: 56 x 5 = 280 (file: NULL)
Info: Leak - type: Renderer, size: 52 x 4 = 208 (file: NULL)
Info: Leak - type: Renderer, size: 48 x 23 = 1104 (file: NULL)
Info: Leak - type: Renderer, size: 44 x 16 = 704 (file: NULL)
Info: Leak - type: Renderer, size: 36 x 16 = 576 (file: NULL)
Info: Leak - type: Renderer, size: 28 x 68 = 1904 (file: OgreSubMesh.cpp:49)
Info: Leak - type: Renderer, size: 28 x 37 = 1036 (file: NULL)
Info: Leak - type: Renderer, size: 24 x 11 = 264 (file: OgreHardwareBufferManager.cpp:122)
Info: Leak - type: Renderer, size: 24 x 1312 = 31488 (file: NULL)
Info: Leak - type: Renderer, size: 20 x 39 = 780 (file: NULL)
Info: Leak - type: Renderer, size: 16 x 5 = 80 (file: NULL)
Info: Leak - type: Renderer, size: 12 x 29 = 348 (file: NULL)
Info: Leak - type: Renderer, size: 8 x 1 = 8 (file: NULL)
Info: Leak - type: Renderer, size: 4 x 4 = 16 (file: NULL)
Info: Total size: 55388
Info: NativeMemoryManager: Leaks statistics end
Program END
